#
# There is insufficient memory for the Java Runtime Environment to continue.
# Native memory allocation (malloc) failed to allocate 2097152 bytes for AllocateHeap
# Possible reasons:
#   The system is out of physical RAM or swap space
#   The process is running with CompressedOops enabled, and the Java Heap may be blocking the growth of the native heap
# Possible solutions:
#   Reduce memory load on the system
#   Increase physical memory or swap space
#   Check if swap backing store is full
#   Decrease Java heap size (-Xmx/-Xms)
#   Decrease number of Java threads
#   Decrease Java thread stack sizes (-Xss)
#   Set larger code cache with -XX:ReservedCodeCacheSize=
#   JVM is running with Zero Based Compressed Oops mode in which the Java heap is
#     placed in the first 32GB address space. The Java Heap base address is the
#     maximum limit for the native heap growth. Please use -XX:HeapBaseMinAddress
#     to set the Java Heap base and to place the Java Heap above 32GB virtual address.
# This output file may be truncated or incomplete.
#
#  Out of Memory Error (allocation.cpp:44), pid=6752, tid=13140
#
# JRE version: OpenJDK Runtime Environment Temurin-17.0.3+7 (17.0.3+7) (build 17.0.3+7)
# Java VM: OpenJDK 64-Bit Server VM Temurin-17.0.3+7 (17.0.3+7, mixed mode, emulated-client, tiered, compressed oops, compressed class ptrs, g1 gc, windows-amd64)
# No core dump will be written. Minidumps are not enabled by default on client versions of Windows
#

---------------  S U M M A R Y ------------

Command Line: --add-modules=ALL-SYSTEM --add-exports=jdk.compiler/com.sun.tools.javac.file=ALL-UNNAMED --add-exports=jdk.compiler/com.sun.tools.javac.util=ALL-UNNAMED --add-exports=jdk.compiler/com.sun.tools.javac.comp=ALL-UNNAMED --add-exports=jdk.compiler/com.sun.tools.javac.main=ALL-UNNAMED --add-exports=jdk.compiler/com.sun.tools.javac.tree=ALL-UNNAMED --add-exports=jdk.compiler/com.sun.tools.javac.code=ALL-UNNAMED -Dsts.lsp.client=vscode -Dsts.log.file=/dev/null -XX:TieredStopAtLevel=1 -Dspring.config.location=file:c:\Users\admin\.vscode\extensions\pivotal.vscode-spring-boot-1.36.0\language-server\BOOT-INF\classes\application.properties org.springframework.ide.vscode.boot.app.BootLanguageServerBootApp

Host: 11th Gen Intel(R) Core(TM) i7-11700K @ 3.60GHz, 16 cores, 31G,  Windows 11 , 64 bit Build 22000 (10.0.22000.708)
Time: Sat Jul  9 04:25:35 2022 Eastern Daylight Time elapsed time: 317648.675428 seconds (3d 16h 14m 8s)

---------------  T H R E A D  ---------------

Current thread (0x00000240db586e80):  VMThread "VM Thread" [stack: 0x000000e001900000,0x000000e001a00000] [id=13140]

Stack: [0x000000e001900000,0x000000e001a00000]
Native frames: (J=compiled Java code, j=interpreted, Vv=VM code, C=native code)
V  [jvm.dll+0x675efa]
V  [jvm.dll+0x830a24]
V  [jvm.dll+0x8321ce]
V  [jvm.dll+0x832833]
V  [jvm.dll+0x2454b5]
V  [jvm.dll+0xa6393]
V  [jvm.dll+0x2f5651]
V  [jvm.dll+0x2f12d0]
V  [jvm.dll+0x2d99b7]
V  [jvm.dll+0x31cac7]
V  [jvm.dll+0x836cdb]
V  [jvm.dll+0x837a14]
V  [jvm.dll+0x837f2c]
V  [jvm.dll+0x838304]
V  [jvm.dll+0x8383d0]
V  [jvm.dll+0x7e0cfa]
V  [jvm.dll+0x674d85]
C  [ucrtbase.dll+0x26c0c]
C  [KERNEL32.DLL+0x154e0]
C  [ntdll.dll+0x485b]

VM_Operation (0x000000e0038fed90): G1CollectFull, mode: safepoint, requested by thread 0x00000240dc33b870


---------------  P R O C E S S  ---------------

Threads class SMR info:
_java_thread_list=0x00000240e0cb2460, length=19, elements={
0x00000240dc0ee2e0, 0x00000240dc0f0fc0, 0x00000240dc138da0, 0x00000240dc139660,
0x00000240dc139f20, 0x00000240dc13b820, 0x00000240dc13c510, 0x00000240dc140330,
0x00000240dc33d550, 0x00000240dc33aed0, 0x00000240dc33b870, 0x00000240de3d68f0,
0x00000240de3db120, 0x00000240de3d5f50, 0x00000240de3dbac0, 0x00000240de3d8f70,
0x00000240de3d6420, 0x00000240de3d8aa0, 0x00000240ddffa2a0
}

Java Threads: ( => current thread )
  0x00000240dc0ee2e0 JavaThread "Reference Handler" daemon [_thread_blocked, id=17320, stack(0x000000e001a00000,0x000000e001b00000)]
  0x00000240dc0f0fc0 JavaThread "Finalizer" daemon [_thread_blocked, id=13212, stack(0x000000e001b00000,0x000000e001c00000)]
  0x00000240dc138da0 JavaThread "Signal Dispatcher" daemon [_thread_blocked, id=4876, stack(0x000000e001c00000,0x000000e001d00000)]
  0x00000240dc139660 JavaThread "Attach Listener" daemon [_thread_blocked, id=17444, stack(0x000000e001d00000,0x000000e001e00000)]
  0x00000240dc139f20 JavaThread "Service Thread" daemon [_thread_blocked, id=7024, stack(0x000000e001e00000,0x000000e001f00000)]
  0x00000240dc13b820 JavaThread "Monitor Deflation Thread" daemon [_thread_blocked, id=15908, stack(0x000000e001f00000,0x000000e002000000)]
  0x00000240dc13c510 JavaThread "C1 CompilerThread0" daemon [_thread_blocked, id=11732, stack(0x000000e002000000,0x000000e002100000)]
  0x00000240dc140330 JavaThread "Sweeper thread" daemon [_thread_blocked, id=6324, stack(0x000000e002100000,0x000000e002200000)]
  0x00000240dc33d550 JavaThread "Common-Cleaner" daemon [_thread_blocked, id=9872, stack(0x000000e002300000,0x000000e002400000)]
  0x00000240dc33aed0 JavaThread "Notification Thread" daemon [_thread_blocked, id=8632, stack(0x000000e002400000,0x000000e002500000)]
  0x00000240dc33b870 JavaThread "pool-7-thread-1" [_thread_blocked, id=18640, stack(0x000000e003800000,0x000000e003900000)]
  0x00000240de3d68f0 JavaThread "LanguageServerApp-lifecycle" [_thread_blocked, id=8324, stack(0x000000e005100000,0x000000e005200000)]
  0x00000240de3db120 JavaThread "DestroyJavaVM" [_thread_blocked, id=4884, stack(0x000000e001300000,0x000000e001400000)]
  0x00000240de3d5f50 JavaThread "pool-8-thread-1" [_thread_in_native, id=21392, stack(0x000000e005200000,0x000000e005300000)]
  0x00000240de3dbac0 JavaThread "Simple-Language-Server main thread" daemon [_thread_blocked, id=20072, stack(0x000000e005300000,0x000000e005400000)]
  0x00000240de3d8f70 JavaThread "pool-5-thread-1" [_thread_blocked, id=11668, stack(0x000000e005400000,0x000000e005500000)]
  0x00000240de3d6420 JavaThread "Reconciler-1" [_thread_blocked, id=4272, stack(0x000000e005500000,0x000000e005600000)]
  0x00000240de3d8aa0 JavaThread "parallel-1" daemon [_thread_blocked, id=19960, stack(0x000000e005600000,0x000000e005700000)]
  0x00000240ddffa2a0 JavaThread "pool-3-thread-1" [_thread_blocked, id=8852, stack(0x000000e005a00000,0x000000e005b00000)]

Other Threads:
=>0x00000240db586e80 VMThread "VM Thread" [stack: 0x000000e001900000,0x000000e001a00000] [id=13140]
  0x00000240db3ad0e0 WatcherThread [stack: 0x000000e002500000,0x000000e002600000] [id=21304]
  0x00000240bfebf100 GCTaskThread "GC Thread#0" [stack: 0x000000e001400000,0x000000e001500000] [id=1588]
  0x00000240dd915040 GCTaskThread "GC Thread#1" [stack: 0x000000e002900000,0x000000e002a00000] [id=12564]
  0x00000240dd9152f0 GCTaskThread "GC Thread#2" [stack: 0x000000e002a00000,0x000000e002b00000] [id=8916]
  0x00000240dd9161d0 GCTaskThread "GC Thread#3" [stack: 0x000000e002b00000,0x000000e002c00000] [id=14980]
  0x00000240dd9170b0 GCTaskThread "GC Thread#4" [stack: 0x000000e002c00000,0x000000e002d00000] [id=19936]
  0x00000240dd917b80 GCTaskThread "GC Thread#5" [stack: 0x000000e002d00000,0x000000e002e00000] [id=5008]
  0x00000240dd917e30 GCTaskThread "GC Thread#6" [stack: 0x000000e002e00000,0x000000e002f00000] [id=7476]
  0x00000240dd93d060 GCTaskThread "GC Thread#7" [stack: 0x000000e002f00000,0x000000e003000000] [id=6052]
  0x00000240dd93d520 GCTaskThread "GC Thread#8" [stack: 0x000000e003000000,0x000000e003100000] [id=18480]
  0x00000240dd93d7d0 GCTaskThread "GC Thread#9" [stack: 0x000000e003100000,0x000000e003200000] [id=4580]
  0x00000240dd9406c0 GCTaskThread "GC Thread#10" [stack: 0x000000e003200000,0x000000e003300000] [id=19888]
  0x00000240dd940d80 GCTaskThread "GC Thread#11" [stack: 0x000000e003300000,0x000000e003400000] [id=8628]
  0x00000240ddea6db0 GCTaskThread "GC Thread#12" [stack: 0x000000e003400000,0x000000e003500000] [id=8652]
  0x00000240bfecfe20 ConcurrentGCThread "G1 Main Marker" [stack: 0x000000e001500000,0x000000e001600000] [id=3612]
  0x00000240bfed0740 ConcurrentGCThread "G1 Conc#0" [stack: 0x000000e001600000,0x000000e001700000] [id=19092]
  0x00000240ddd07020 ConcurrentGCThread "G1 Conc#1" [stack: 0x000000e003500000,0x000000e003600000] [id=19860]
  0x00000240ddca5bf0 ConcurrentGCThread "G1 Conc#2" [stack: 0x000000e003600000,0x000000e003700000] [id=19856]
  0x00000240bfede440 ConcurrentGCThread "G1 Refine#0" [stack: 0x000000e001700000,0x000000e001800000] [id=2604]
  0x00000240e064a880 ConcurrentGCThread "G1 Refine#1" [stack: 0x000000e005b00000,0x000000e005c00000] [id=8064]
  0x00000240e0649740 ConcurrentGCThread "G1 Refine#2" [stack: 0x000000e005c00000,0x000000e005d00000] [id=9460]
  0x00000240e0649a20 ConcurrentGCThread "G1 Refine#3" [stack: 0x000000e005d00000,0x000000e005e00000] [id=18128]
  0x00000240db485fd0 ConcurrentGCThread "G1 Service" [stack: 0x000000e001800000,0x000000e001900000] [id=19904]

Threads with active compile tasks:

VM state: at safepoint (normal execution)

VM Mutex/Monitor currently owned by a thread:  ([mutex/lock_event])
[0x00000240bdbde770] Threads_lock - owner thread: 0x00000240db586e80
[0x00000240bfe0e6a0] Heap_lock - owner thread: 0x00000240dc33b870

Heap address: 0x0000000602400000, size: 8156 MB, Compressed Oops mode: Zero based, Oop shift amount: 3

CDS archive(s) not mapped
Compressed class space mapped at: 0x0000000800000000-0x0000000840000000, reserved size: 1073741824
Narrow klass base: 0x0000000800000000, Narrow klass shift: 0, Narrow klass range: 0x40000000

GC Precious Log:
 CPUs: 16 total, 16 available
 Memory: 32619M
 Large Page Support: Disabled
 NUMA Support: Disabled
 Compressed Oops: Enabled (Zero based)
 Heap Region Size: 4M
 Heap Min Capacity: 8M
 Heap Initial Capacity: 512M
 Heap Max Capacity: 8156M
 Pre-touch: Disabled
 Parallel Workers: 13
 Concurrent Workers: 3
 Concurrent Refinement Workers: 13
 Periodic GC: Disabled

Heap:
 garbage-first heap   total 81920K, used 19447K [0x0000000602400000, 0x0000000800000000)
  region size 4096K, 1 young (4096K), 0 survivors (0K)
 Metaspace       used 51003K, committed 51328K, reserved 1097728K
  class space    used 6629K, committed 6784K, reserved 1048576K

Heap Regions: E=young(eden), S=young(survivor), O=old, HS=humongous(starts), HC=humongous(continues), CS=collection set, F=free, OA=open archive, CA=closed archive, TAMS=top-at-mark-start (previous, next)
|   0|0x0000000602400000, 0x00000006027ffed8, 0x0000000602800000| 99%| O|  |TAMS 0x00000006027ffed8, 0x0000000602400000| Untracked 
|   1|0x0000000602800000, 0x0000000602bfffa8, 0x0000000602c00000| 99%| O|  |TAMS 0x0000000602bfffa8, 0x0000000602800000| Untracked 
|   2|0x0000000602c00000, 0x0000000603000000, 0x0000000603000000|100%| O|  |TAMS 0x0000000603000000, 0x0000000602c00000| Untracked 
|   3|0x0000000603000000, 0x00000006033ffcf8, 0x0000000603400000| 99%| O|  |TAMS 0x00000006033ffcf8, 0x0000000603000000| Untracked 
|   4|0x0000000603400000, 0x0000000603678850, 0x0000000603800000| 61%| O|  |TAMS 0x0000000603400000, 0x0000000603400000| Untracked 
|   5|0x0000000603800000, 0x00000006038859c8, 0x0000000603c00000| 13%| O|  |TAMS 0x0000000603800000, 0x0000000603800000| Untracked 
|   6|0x0000000603c00000, 0x0000000603c00000, 0x0000000604000000|  0%| F|  |TAMS 0x0000000603c00000, 0x0000000603c00000| Untracked 
|   7|0x0000000604000000, 0x0000000604000000, 0x0000000604400000|  0%| F|  |TAMS 0x0000000604000000, 0x0000000604000000| Untracked 
|   8|0x0000000604400000, 0x0000000604400000, 0x0000000604800000|  0%| F|  |TAMS 0x0000000604400000, 0x0000000604400000| Untracked 
|   9|0x0000000604800000, 0x0000000604800000, 0x0000000604c00000|  0%| F|  |TAMS 0x0000000604800000, 0x0000000604800000| Untracked 
|  10|0x0000000604c00000, 0x0000000604c00000, 0x0000000605000000|  0%| F|  |TAMS 0x0000000604c00000, 0x0000000604c00000| Untracked 
|  11|0x0000000605000000, 0x0000000605000000, 0x0000000605400000|  0%| F|  |TAMS 0x0000000605000000, 0x0000000605000000| Untracked 
|  12|0x0000000605400000, 0x0000000605400000, 0x0000000605800000|  0%| F|  |TAMS 0x0000000605400000, 0x0000000605400000| Untracked 
|  13|0x0000000605800000, 0x0000000605800000, 0x0000000605c00000|  0%| F|  |TAMS 0x0000000605800000, 0x0000000605800000| Untracked 
|  14|0x0000000605c00000, 0x0000000605c00000, 0x0000000606000000|  0%| F|  |TAMS 0x0000000605c00000, 0x0000000605c00000| Untracked 
|  15|0x0000000606000000, 0x0000000606000000, 0x0000000606400000|  0%| F|  |TAMS 0x0000000606000000, 0x0000000606000000| Untracked 
|  16|0x0000000606400000, 0x0000000606400000, 0x0000000606800000|  0%| F|  |TAMS 0x0000000606400000, 0x0000000606400000| Untracked 
|  17|0x0000000606800000, 0x0000000606800000, 0x0000000606c00000|  0%| F|  |TAMS 0x0000000606800000, 0x0000000606800000| Untracked 
|  18|0x0000000606c00000, 0x0000000606c00000, 0x0000000607000000|  0%| F|  |TAMS 0x0000000606c00000, 0x0000000606c00000| Untracked 
|  19|0x0000000607000000, 0x00000006070073f0, 0x0000000607400000|  0%| E|  |TAMS 0x0000000607000000, 0x0000000607000000| Complete 

Card table byte_map: [0x00000240c70e0000,0x00000240c80d0000] _byte_map_base: 0x00000240c40ce000

Marking Bits (Prev, Next): (CMBitMap*) 0x00000240bfebf620, (CMBitMap*) 0x00000240bfebf660
 Prev Bits: [0x00000240c90c0000, 0x00000240d1030000)
 Next Bits: [0x00000240d1030000, 0x00000240d8fa0000)

Polling page: 0x00000240bdd80000

Metaspace:

Usage:
  Non-class:     43.33 MB used.
      Class:      6.47 MB used.
       Both:     49.81 MB used.

Virtual space:
  Non-class space:       48.00 MB reserved,      43.50 MB ( 91%) committed,  6 nodes.
      Class space:        1.00 GB reserved,       6.62 MB ( <1%) committed,  1 nodes.
             Both:        1.05 GB reserved,      50.12 MB (  5%) committed. 

Chunk freelists:
   Non-Class:  209.00 KB
       Class:  1.23 MB
        Both:  1.44 MB

MaxMetaspaceSize: unlimited
CompressedClassSpaceSize: 1.00 GB
Initial GC threshold: 21.00 MB
Current GC threshold: 83.56 MB
CDS: off
MetaspaceReclaimPolicy: balanced
 - commit_granule_bytes: 65536.
 - commit_granule_words: 8192.
 - virtual_space_node_default_size: 1048576.
 - enlarge_chunks_in_place: 1.
 - new_chunks_are_fully_committed: 0.
 - uncommit_free_chunks: 1.
 - use_allocation_guard: 0.
 - handle_deallocations: 1.


Internal statistics:

num_allocs_failed_limit: 3.
num_arena_births: 476.
num_arena_deaths: 122.
num_vsnodes_births: 7.
num_vsnodes_deaths: 0.
num_space_committed: 802.
num_space_uncommitted: 0.
num_chunks_returned_to_freelist: 139.
num_chunks_taken_from_freelist: 2097.
num_chunk_merges: 44.
num_chunk_splits: 1478.
num_chunks_enlarged: 1170.
num_purges: 6.
num_inconsistent_stats: 0.

CodeCache: size=49152Kb used=14558Kb max_used=16131Kb free=34593Kb
 bounds [0x00000240c2a90000, 0x00000240c3a70000, 0x00000240c5a90000]
 total_blobs=8096 nmethods=7486 adapters=537
 compilation: enabled
              stopped_count=0, restarted_count=0
 full_count=0

Compilation events (20 events):
Event: 249246.244 Thread 0x00000240dc13c510 7478       1       org.eclipse.jdt.internal.compiler.classfmt.ClassFileReader::getPermittedSubtypeNames (5 bytes)
Event: 249246.244 Thread 0x00000240dc13c510 nmethod 7478 0x00000240c39cd190 code [0x00000240c39cd320, 0x00000240c39cd3f8]
Event: 249246.244 Thread 0x00000240dc13c510 7479       1       org.eclipse.jdt.internal.compiler.classfmt.ClassFileReader::isRecord (5 bytes)
Event: 249246.244 Thread 0x00000240dc13c510 nmethod 7479 0x00000240c39cce90 code [0x00000240c39cd020, 0x00000240c39cd0f8]
Event: 249246.244 Thread 0x00000240dc13c510 7480       1       org.eclipse.jdt.internal.compiler.classfmt.ClassFileReader::getFields (5 bytes)
Event: 249246.244 Thread 0x00000240dc13c510 nmethod 7480 0x00000240c39cc910 code [0x00000240c39ccaa0, 0x00000240c39ccb78]
Event: 249246.244 Thread 0x00000240dd603660 nmethod 7477 0x00000240c39c8810 code [0x00000240c39c89a0, 0x00000240c39c8a78]
Event: 249246.244 Thread 0x00000240dd603b70 nmethod 7482 0x00000240c39c8410 code [0x00000240c39c85c0, 0x00000240c39c8738]
Event: 249246.244 Thread 0x00000240dc13c510 7481       1       org.eclipse.jdt.internal.compiler.classfmt.ClassFileReader::getMethods (5 bytes)
Event: 249246.244 Thread 0x00000240dd603660 7483       1       org.eclipse.jdt.core.dom.TypeBinding::getQualifiedName (738 bytes)
Event: 249246.244 Thread 0x00000240dd603b70 7484       1       org.eclipse.jdt.core.dom.TypeBinding::isMember (36 bytes)
Event: 249246.244 Thread 0x00000240dc13c510 nmethod 7481 0x00000240c39c8110 code [0x00000240c39c82a0, 0x00000240c39c8378]
Event: 249246.244 Thread 0x00000240dc13c510 7485       1       org.eclipse.jdt.core.dom.TypeBinding::getName (510 bytes)
Event: 249246.244 Thread 0x00000240dd603b70 nmethod 7484 0x00000240c39c7c10 code [0x00000240c39c7dc0, 0x00000240c39c7fc8]
Event: 249246.245 Thread 0x00000240dc13c510 nmethod 7485 0x00000240c39c4410 code [0x00000240c39c4900, 0x00000240c39c6988]
Event: 249246.246 Thread 0x00000240dd603660 nmethod 7483 0x00000240c39bed10 code [0x00000240c39bf400, 0x00000240c39c28b8]
Event: 249278.980 Thread 0x00000240dc13c510 7486       1       org.eclipse.lsp4j.jsonrpc.messages.NotificationMessage::setMethod (6 bytes)
Event: 249278.980 Thread 0x00000240dc13c510 nmethod 7486 0x00000240c39bea10 code [0x00000240c39beba0, 0x00000240c39becb8]
Event: 249278.980 Thread 0x00000240dc13c510 7487       1       org.eclipse.lsp4j.jsonrpc.messages.NotificationMessage::setParams (6 bytes)
Event: 249278.980 Thread 0x00000240dc13c510 nmethod 7487 0x00000240c39be710 code [0x00000240c39be8a0, 0x00000240c39be9b8]

GC Heap History (20 events):
Event: 317547.324 GC heap before
{Heap before GC invocations=31262 (full 31236):
 garbage-first heap   total 81920K, used 19447K [0x0000000602400000, 0x0000000800000000)
  region size 4096K, 1 young (4096K), 0 survivors (0K)
 Metaspace       used 51003K, committed 51328K, reserved 1097728K
  class space    used 6629K, committed 6784K, reserved 1048576K
}
Event: 317547.341 GC heap after
{Heap after GC invocations=31263 (full 31237):
 garbage-first heap   total 81920K, used 19447K [0x0000000602400000, 0x0000000800000000)
  region size 4096K, 0 young (0K), 0 survivors (0K)
 Metaspace       used 51003K, committed 51328K, reserved 1097728K
  class space    used 6629K, committed 6784K, reserved 1048576K
}
Event: 317557.459 GC heap before
{Heap before GC invocations=31263 (full 31237):
 garbage-first heap   total 81920K, used 19447K [0x0000000602400000, 0x0000000800000000)
  region size 4096K, 1 young (4096K), 0 survivors (0K)
 Metaspace       used 51003K, committed 51328K, reserved 1097728K
  class space    used 6629K, committed 6784K, reserved 1048576K
}
Event: 317557.476 GC heap after
{Heap after GC invocations=31264 (full 31238):
 garbage-first heap   total 81920K, used 19447K [0x0000000602400000, 0x0000000800000000)
  region size 4096K, 0 young (0K), 0 survivors (0K)
 Metaspace       used 51003K, committed 51328K, reserved 1097728K
  class space    used 6629K, committed 6784K, reserved 1048576K
}
Event: 317567.593 GC heap before
{Heap before GC invocations=31264 (full 31238):
 garbage-first heap   total 81920K, used 19447K [0x0000000602400000, 0x0000000800000000)
  region size 4096K, 1 young (4096K), 0 survivors (0K)
 Metaspace       used 51003K, committed 51328K, reserved 1097728K
  class space    used 6629K, committed 6784K, reserved 1048576K
}
Event: 317567.610 GC heap after
{Heap after GC invocations=31265 (full 31239):
 garbage-first heap   total 81920K, used 19447K [0x0000000602400000, 0x0000000800000000)
  region size 4096K, 0 young (0K), 0 survivors (0K)
 Metaspace       used 51003K, committed 51328K, reserved 1097728K
  class space    used 6629K, committed 6784K, reserved 1048576K
}
Event: 317577.739 GC heap before
{Heap before GC invocations=31265 (full 31239):
 garbage-first heap   total 81920K, used 19447K [0x0000000602400000, 0x0000000800000000)
  region size 4096K, 1 young (4096K), 0 survivors (0K)
 Metaspace       used 51003K, committed 51328K, reserved 1097728K
  class space    used 6629K, committed 6784K, reserved 1048576K
}
Event: 317577.756 GC heap after
{Heap after GC invocations=31266 (full 31240):
 garbage-first heap   total 81920K, used 19447K [0x0000000602400000, 0x0000000800000000)
  region size 4096K, 0 young (0K), 0 survivors (0K)
 Metaspace       used 51003K, committed 51328K, reserved 1097728K
  class space    used 6629K, committed 6784K, reserved 1048576K
}
Event: 317587.888 GC heap before
{Heap before GC invocations=31266 (full 31240):
 garbage-first heap   total 81920K, used 19447K [0x0000000602400000, 0x0000000800000000)
  region size 4096K, 1 young (4096K), 0 survivors (0K)
 Metaspace       used 51003K, committed 51328K, reserved 1097728K
  class space    used 6629K, committed 6784K, reserved 1048576K
}
Event: 317587.905 GC heap after
{Heap after GC invocations=31267 (full 31241):
 garbage-first heap   total 81920K, used 19447K [0x0000000602400000, 0x0000000800000000)
  region size 4096K, 0 young (0K), 0 survivors (0K)
 Metaspace       used 51003K, committed 51328K, reserved 1097728K
  class space    used 6629K, committed 6784K, reserved 1048576K
}
Event: 317598.034 GC heap before
{Heap before GC invocations=31267 (full 31241):
 garbage-first heap   total 81920K, used 19447K [0x0000000602400000, 0x0000000800000000)
  region size 4096K, 1 young (4096K), 0 survivors (0K)
 Metaspace       used 51003K, committed 51328K, reserved 1097728K
  class space    used 6629K, committed 6784K, reserved 1048576K
}
Event: 317598.051 GC heap after
{Heap after GC invocations=31268 (full 31242):
 garbage-first heap   total 81920K, used 19447K [0x0000000602400000, 0x0000000800000000)
  region size 4096K, 0 young (0K), 0 survivors (0K)
 Metaspace       used 51003K, committed 51328K, reserved 1097728K
  class space    used 6629K, committed 6784K, reserved 1048576K
}
Event: 317608.185 GC heap before
{Heap before GC invocations=31268 (full 31242):
 garbage-first heap   total 81920K, used 19447K [0x0000000602400000, 0x0000000800000000)
  region size 4096K, 1 young (4096K), 0 survivors (0K)
 Metaspace       used 51003K, committed 51328K, reserved 1097728K
  class space    used 6629K, committed 6784K, reserved 1048576K
}
Event: 317608.201 GC heap after
{Heap after GC invocations=31269 (full 31243):
 garbage-first heap   total 81920K, used 19447K [0x0000000602400000, 0x0000000800000000)
  region size 4096K, 0 young (0K), 0 survivors (0K)
 Metaspace       used 51003K, committed 51328K, reserved 1097728K
  class space    used 6629K, committed 6784K, reserved 1048576K
}
Event: 317618.326 GC heap before
{Heap before GC invocations=31269 (full 31243):
 garbage-first heap   total 81920K, used 19447K [0x0000000602400000, 0x0000000800000000)
  region size 4096K, 1 young (4096K), 0 survivors (0K)
 Metaspace       used 51003K, committed 51328K, reserved 1097728K
  class space    used 6629K, committed 6784K, reserved 1048576K
}
Event: 317618.342 GC heap after
{Heap after GC invocations=31270 (full 31244):
 garbage-first heap   total 81920K, used 19447K [0x0000000602400000, 0x0000000800000000)
  region size 4096K, 0 young (0K), 0 survivors (0K)
 Metaspace       used 51003K, committed 51328K, reserved 1097728K
  class space    used 6629K, committed 6784K, reserved 1048576K
}
Event: 317628.473 GC heap before
{Heap before GC invocations=31270 (full 31244):
 garbage-first heap   total 81920K, used 19447K [0x0000000602400000, 0x0000000800000000)
  region size 4096K, 1 young (4096K), 0 survivors (0K)
 Metaspace       used 51003K, committed 51328K, reserved 1097728K
  class space    used 6629K, committed 6784K, reserved 1048576K
}
Event: 317628.490 GC heap after
{Heap after GC invocations=31271 (full 31245):
 garbage-first heap   total 81920K, used 19447K [0x0000000602400000, 0x0000000800000000)
  region size 4096K, 0 young (0K), 0 survivors (0K)
 Metaspace       used 51003K, committed 51328K, reserved 1097728K
  class space    used 6629K, committed 6784K, reserved 1048576K
}
Event: 317638.628 GC heap before
{Heap before GC invocations=31271 (full 31245):
 garbage-first heap   total 81920K, used 19447K [0x0000000602400000, 0x0000000800000000)
  region size 4096K, 1 young (4096K), 0 survivors (0K)
 Metaspace       used 51003K, committed 51328K, reserved 1097728K
  class space    used 6629K, committed 6784K, reserved 1048576K
}
Event: 317638.645 GC heap after
{Heap after GC invocations=31272 (full 31246):
 garbage-first heap   total 81920K, used 19447K [0x0000000602400000, 0x0000000800000000)
  region size 4096K, 0 young (0K), 0 survivors (0K)
 Metaspace       used 51003K, committed 51328K, reserved 1097728K
  class space    used 6629K, committed 6784K, reserved 1048576K
}

Deoptimization events (20 events):
Event: 5.435 Thread 0x00000240de3dbac0 DEOPT PACKING pc=0x00000240c332b00c sp=0x000000e0053f90f0
Event: 5.435 Thread 0x00000240de3dbac0 DEOPT UNPACKING pc=0x00000240c2ae6763 sp=0x000000e0053f8630 mode 0
Event: 5.873 Thread 0x00000240de3d9440 DEOPT PACKING pc=0x00000240c34d0210 sp=0x000000e0057fe5c0
Event: 5.873 Thread 0x00000240de3d9440 DEOPT UNPACKING pc=0x00000240c2ae6763 sp=0x000000e0057fda80 mode 3
Event: 5.878 Thread 0x00000240de3d9440 DEOPT PACKING pc=0x00000240c34e3574 sp=0x000000e0057fdfa0
Event: 5.878 Thread 0x00000240de3d9440 DEOPT UNPACKING pc=0x00000240c2ae6763 sp=0x000000e0057fd498 mode 3
Event: 5.887 Thread 0x00000240de3d9440 DEOPT PACKING pc=0x00000240c34e94db sp=0x000000e0057fe1f0
Event: 5.887 Thread 0x00000240de3d9440 DEOPT UNPACKING pc=0x00000240c2ae6763 sp=0x000000e0057fd688 mode 3
Event: 5.995 Thread 0x00000240de3d9440 DEOPT PACKING pc=0x00000240c34e9da0 sp=0x000000e0057fdb30
Event: 5.995 Thread 0x00000240de3d9440 DEOPT UNPACKING pc=0x00000240c2ae6763 sp=0x000000e0057fcfe8 mode 3
Event: 6.754 Thread 0x00000240dc33a060 DEOPT PACKING pc=0x00000240c3056ee2 sp=0x000000e0037fcd10
Event: 6.754 Thread 0x00000240dc33a060 DEOPT UNPACKING pc=0x00000240c2ae6763 sp=0x000000e0037fc218 mode 3
Event: 6.877 Thread 0x00000240dc33a060 DEOPT PACKING pc=0x00000240c384261c sp=0x000000e0037fe440
Event: 6.877 Thread 0x00000240dc33a060 DEOPT UNPACKING pc=0x00000240c2ae6763 sp=0x000000e0037fd8d0 mode 0
Event: 77079.069 Thread 0x00000240de3d5f50 DEOPT PACKING pc=0x00000240c31b55d4 sp=0x000000e0052ff0f0
Event: 77079.069 Thread 0x00000240de3d5f50 DEOPT UNPACKING pc=0x00000240c2ae6763 sp=0x000000e0052fe598 mode 0
Event: 249160.201 Thread 0x00000240ddff85c0 DEOPT PACKING pc=0x00000240c3924370 sp=0x000000e0011fe370
Event: 249160.201 Thread 0x00000240ddff85c0 DEOPT UNPACKING pc=0x00000240c2ae6763 sp=0x000000e0011fd9c8 mode 3
Event: 249209.311 Thread 0x00000240ddff85c0 DEOPT PACKING pc=0x00000240c3a26d86 sp=0x000000e0011fdd50
Event: 249209.311 Thread 0x00000240ddff85c0 DEOPT UNPACKING pc=0x00000240c2ae6763 sp=0x000000e0011fd240 mode 3

Classes unloaded (20 events):
Event: 95.701 Thread 0x00000240db586e80 Unloading class 0x00000008001a6400 'java/lang/invoke/LambdaForm$MH+0x00000008001a6400'
Event: 95.701 Thread 0x00000240db586e80 Unloading class 0x00000008001a6000 'java/lang/invoke/LambdaForm$MH+0x00000008001a6000'
Event: 95.701 Thread 0x00000240db586e80 Unloading class 0x00000008001a5c00 'java/lang/invoke/LambdaForm$MH+0x00000008001a5c00'
Event: 95.701 Thread 0x00000240db586e80 Unloading class 0x00000008001a5800 'java/lang/invoke/LambdaForm$MH+0x00000008001a5800'
Event: 95.701 Thread 0x00000240db586e80 Unloading class 0x00000008001a5000 'java/lang/invoke/LambdaForm$MH+0x00000008001a5000'
Event: 95.701 Thread 0x00000240db586e80 Unloading class 0x00000008000d6800 'java/lang/invoke/LambdaForm$MH+0x00000008000d6800'
Event: 95.701 Thread 0x00000240db586e80 Unloading class 0x00000008000d6000 'java/lang/invoke/LambdaForm$MH+0x00000008000d6000'
Event: 95.701 Thread 0x00000240db586e80 Unloading class 0x00000008000d5c00 'java/lang/invoke/LambdaForm$MH+0x00000008000d5c00'
Event: 95.701 Thread 0x00000240db586e80 Unloading class 0x00000008000d5800 'java/lang/invoke/LambdaForm$MH+0x00000008000d5800'
Event: 95.701 Thread 0x00000240db586e80 Unloading class 0x00000008000d5000 'java/lang/invoke/LambdaForm$MH+0x00000008000d5000'
Event: 95.701 Thread 0x00000240db586e80 Unloading class 0x00000008000d4c00 'java/lang/invoke/LambdaForm$MH+0x00000008000d4c00'
Event: 95.701 Thread 0x00000240db586e80 Unloading class 0x00000008000d4800 'java/lang/invoke/LambdaForm$MH+0x00000008000d4800'
Event: 95.701 Thread 0x00000240db586e80 Unloading class 0x00000008000d4000 'java/lang/invoke/LambdaForm$MH+0x00000008000d4000'
Event: 249315.439 Thread 0x00000240db586e80 Unloading class 0x00000008001a5000 'java/lang/invoke/LambdaForm$MH+0x00000008001a5000'
Event: 249315.439 Thread 0x00000240db586e80 Unloading class 0x00000008001a6800 'java/lang/invoke/LambdaForm$MH+0x00000008001a6800'
Event: 249315.439 Thread 0x00000240db586e80 Unloading class 0x000000080033c400 'java/lang/invoke/LambdaForm$MH+0x000000080033c400'
Event: 249315.439 Thread 0x00000240db586e80 Unloading class 0x000000080033cc00 'java/lang/invoke/LambdaForm$MH+0x000000080033cc00'
Event: 249315.439 Thread 0x00000240db586e80 Unloading class 0x00000008004ba400 'java/lang/invoke/LambdaForm$MH+0x00000008004ba400'
Event: 249315.439 Thread 0x00000240db586e80 Unloading class 0x00000008006b8400 'java/lang/invoke/LambdaForm$MH+0x00000008006b8400'
Event: 249315.439 Thread 0x00000240db586e80 Unloading class 0x00000008006bb400 'java/lang/invoke/LambdaForm$MH+0x00000008006bb400'

Classes redefined (0 events):
No events

Internal exceptions (20 events):
Event: 6.640 Thread 0x00000240ddff4730 Exception <a 'sun/nio/fs/WindowsException'{0x00000006197fd808}> (0x00000006197fd808) 
thrown [e:\jenkins\tmp\workspace\build\src\src\hotspot\share\prims\jni.cpp, line 516]
Event: 6.640 Thread 0x00000240ddff4730 Exception <a 'sun/nio/fs/WindowsException'{0x00000006197fdbb8}> (0x00000006197fdbb8) 
thrown [e:\jenkins\tmp\workspace\build\src\src\hotspot\share\prims\jni.cpp, line 516]
Event: 6.640 Thread 0x00000240ddff4730 Exception <a 'sun/nio/fs/WindowsException'{0x00000006197fe5b8}> (0x00000006197fe5b8) 
thrown [e:\jenkins\tmp\workspace\build\src\src\hotspot\share\prims\jni.cpp, line 516]
Event: 6.640 Thread 0x00000240ddff4730 Exception <a 'sun/nio/fs/WindowsException'{0x00000006197fe978}> (0x00000006197fe978) 
thrown [e:\jenkins\tmp\workspace\build\src\src\hotspot\share\prims\jni.cpp, line 516]
Event: 6.640 Thread 0x00000240ddff4730 Exception <a 'sun/nio/fs/WindowsException'{0x00000006197ff3a0}> (0x00000006197ff3a0) 
thrown [e:\jenkins\tmp\workspace\build\src\src\hotspot\share\prims\jni.cpp, line 516]
Event: 6.640 Thread 0x00000240ddff4730 Exception <a 'sun/nio/fs/WindowsException'{0x00000006197ff780}> (0x00000006197ff780) 
thrown [e:\jenkins\tmp\workspace\build\src\src\hotspot\share\prims\jni.cpp, line 516]
Event: 6.640 Thread 0x00000240ddff4730 Exception <a 'sun/nio/fs/WindowsException'{0x0000000618d37b58}> (0x0000000618d37b58) 
thrown [e:\jenkins\tmp\workspace\build\src\src\hotspot\share\prims\jni.cpp, line 516]
Event: 6.640 Thread 0x00000240ddff4730 Exception <a 'sun/nio/fs/WindowsException'{0x0000000618d37f48}> (0x0000000618d37f48) 
thrown [e:\jenkins\tmp\workspace\build\src\src\hotspot\share\prims\jni.cpp, line 516]
Event: 6.640 Thread 0x00000240ddff4730 Exception <a 'sun/nio/fs/WindowsException'{0x0000000618d38970}> (0x0000000618d38970) 
thrown [e:\jenkins\tmp\workspace\build\src\src\hotspot\share\prims\jni.cpp, line 516]
Event: 6.640 Thread 0x00000240ddff4730 Exception <a 'sun/nio/fs/WindowsException'{0x0000000618d38d60}> (0x0000000618d38d60) 
thrown [e:\jenkins\tmp\workspace\build\src\src\hotspot\share\prims\jni.cpp, line 516]
Event: 6.673 Thread 0x00000240dc33a060 Exception <a 'java/lang/NoSuchMethodError'{0x00000006196b3458}: 'void java.lang.invoke.DirectMethodHandle$Holder.invokeStatic(java.lang.Object, java.lang.Object, java.lang.Object, java.lang.Object, java.lang.Object, java.lang.Object)'> (0x00000006196b3458) 
thrown [e:\jenkins\tmp\workspace\build\src\src\hotspot\share\interpreter\linkResolver.cpp, line 766]
Event: 6.928 Thread 0x00000240de3d5f50 Exception <a 'java/lang/NullPointerException'{0x0000000625a6e000}> (0x0000000625a6e000) 
thrown [e:\jenkins\tmp\workspace\build\src\src\hotspot\share\interpreter\linkResolver.cpp, line 1357]
Event: 44.981 Thread 0x00000240dc33b870 Exception <a 'java/lang/NoSuchMethodError'{0x0000000625b05c48}: 'void java.lang.invoke.DirectMethodHandle$Holder.invokeStatic(java.lang.Object, long)'> (0x0000000625b05c48) 
thrown [e:\jenkins\tmp\workspace\build\src\src\hotspot\share\interpreter\linkResolver.cpp, line 766]
Event: 44.982 Thread 0x00000240dc33b870 Exception <a 'java/lang/NoSuchMethodError'{0x0000000625b0aff0}: 'java.lang.Object java.lang.invoke.DirectMethodHandle$Holder.newInvokeSpecial(java.lang.Object, long)'> (0x0000000625b0aff0) 
thrown [e:\jenkins\tmp\workspace\build\src\src\hotspot\share\interpreter\linkResolver.cpp, line 766]
Event: 44.982 Thread 0x00000240dc33b870 Exception <a 'java/lang/NoSuchMethodError'{0x0000000625b11b10}: 'java.lang.Object java.lang.invoke.DirectMethodHandle$Holder.invokeStatic(java.lang.Object, java.lang.Object, long, java.lang.Object)'> (0x0000000625b11b10) 
thrown [e:\jenkins\tmp\workspace\build\src\src\hotspot\share\interpreter\linkResolver.cpp, line 766]
Event: 44.982 Thread 0x00000240dc33b870 Exception <a 'java/lang/NoSuchMethodError'{0x0000000625b152e8}: 'java.lang.Object java.lang.invoke.DirectMethodHandle$Holder.invokeStaticInit(java.lang.Object, java.lang.Object, long, java.lang.Object)'> (0x0000000625b152e8) 
thrown [e:\jenkins\tmp\workspace\build\src\src\hotspot\share\interpreter\linkResolver.cpp, line 766]
Event: 44.982 Thread 0x00000240dc33b870 Exception <a 'java/lang/NoSuchMethodError'{0x0000000625b1b618}: 'java.lang.Object java.lang.invoke.DirectMethodHandle$Holder.newInvokeSpecial(java.lang.Object, java.lang.Object, long)'> (0x0000000625b1b618) 
thrown [e:\jenkins\tmp\workspace\build\src\src\hotspot\share\interpreter\linkResolver.cpp, line 766]
Event: 249081.937 Thread 0x00000240ddff85c0 Exception <a 'java/lang/NoSuchMethodError'{0x00000006072f33d8}: 'java.lang.Object java.lang.invoke.DirectMethodHandle$Holder.invokeSpecial(java.lang.Object, java.lang.Object, int, java.lang.Object, java.lang.Object)'> (0x00000006072f33d8) 
thrown [e:\jenkins\tmp\workspace\build\src\src\hotspot\share\interpreter\linkResolver.cpp, line 766]
Event: 249160.201 Thread 0x00000240ddff85c0 Implicit null exception at 0x00000240c392313f to 0x00000240c392436b
Event: 249209.311 Thread 0x00000240ddff85c0 Implicit null exception at 0x00000240c3a26784 to 0x00000240c3a26d81

VM Operations (20 events):
Event: 317547.341 Executing VM operation: G1CollectFull done
Event: 317557.458 Executing VM operation: G1CollectFull
Event: 317557.476 Executing VM operation: G1CollectFull done
Event: 317567.593 Executing VM operation: G1CollectFull
Event: 317567.610 Executing VM operation: G1CollectFull done
Event: 317577.739 Executing VM operation: G1CollectFull
Event: 317577.756 Executing VM operation: G1CollectFull done
Event: 317587.888 Executing VM operation: G1CollectFull
Event: 317587.905 Executing VM operation: G1CollectFull done
Event: 317598.034 Executing VM operation: G1CollectFull
Event: 317598.051 Executing VM operation: G1CollectFull done
Event: 317608.185 Executing VM operation: G1CollectFull
Event: 317608.202 Executing VM operation: G1CollectFull done
Event: 317618.326 Executing VM operation: G1CollectFull
Event: 317618.343 Executing VM operation: G1CollectFull done
Event: 317628.473 Executing VM operation: G1CollectFull
Event: 317628.490 Executing VM operation: G1CollectFull done
Event: 317638.627 Executing VM operation: G1CollectFull
Event: 317638.645 Executing VM operation: G1CollectFull done
Event: 317648.669 Executing VM operation: G1CollectFull

Events (20 events):
Event: 249195.376 loading class java/net/URLEncoder done
Event: 249200.432 Thread 0x00000240dc2139b0 Thread exited: 0x00000240dc2139b0
Event: 249200.432 Thread 0x00000240dc2134a0 Thread exited: 0x00000240dc2134a0
Event: 249212.108 Thread 0x00000240dc2134a0 Thread added: 0x00000240dc2134a0
Event: 249218.827 Thread 0x00000240dc2134a0 Thread exited: 0x00000240dc2134a0
Event: 249232.300 Thread 0x00000240ddff7280 Thread exited: 0x00000240ddff7280
Event: 249236.246 Thread 0x00000240e085ddb0 Thread added: 0x00000240e085ddb0
Event: 249236.246 Thread 0x00000240dd603660 Thread added: 0x00000240dd603660
Event: 249236.246 Thread 0x00000240dd603b70 Thread added: 0x00000240dd603b70
Event: 249241.197 Thread 0x00000240dd603b70 Thread exited: 0x00000240dd603b70
Event: 249241.197 Thread 0x00000240dd603660 Thread exited: 0x00000240dd603660
Event: 249242.627 Thread 0x00000240e085ddb0 Thread exited: 0x00000240e085ddb0
Event: 249246.240 Thread 0x00000240dd603660 Thread added: 0x00000240dd603660
Event: 249246.240 Thread 0x00000240dd603b70 Thread added: 0x00000240dd603b70
Event: 249251.246 Thread 0x00000240dd603b70 Thread exited: 0x00000240dd603b70
Event: 249252.767 Thread 0x00000240ddff9dd0 Thread added: 0x00000240ddff9dd0
Event: 249256.259 Thread 0x00000240dd603660 Thread exited: 0x00000240dd603660
Event: 249312.771 Thread 0x00000240ddff85c0 Thread exited: 0x00000240ddff85c0
Event: 249335.059 Thread 0x00000240ddff4730 Thread exited: 0x00000240ddff4730
Event: 249335.323 Thread 0x00000240ddff9dd0 Thread exited: 0x00000240ddff9dd0


Dynamic libraries:
0x00007ff648250000 - 0x00007ff64825e000 	c:\Users\admin\.vscode\extensions\redhat.java-1.8.0-win32-x64\jre\17.0.3-win32-x86_64\bin\java.exe
0x00007ff992ec0000 - 0x00007ff9930c9000 	C:\WINDOWS\SYSTEM32\ntdll.dll
0x00007ff991ff0000 - 0x00007ff9920ad000 	C:\WINDOWS\System32\KERNEL32.DLL
0x00007ff990910000 - 0x00007ff990c89000 	C:\WINDOWS\System32\KERNELBASE.dll
0x00007ff9907f0000 - 0x00007ff990901000 	C:\WINDOWS\System32\ucrtbase.dll
0x00007ff90f800000 - 0x00007ff90f818000 	c:\Users\admin\.vscode\extensions\redhat.java-1.8.0-win32-x64\jre\17.0.3-win32-x86_64\bin\jli.dll
0x00007ff90f7e0000 - 0x00007ff90f7f9000 	c:\Users\admin\.vscode\extensions\redhat.java-1.8.0-win32-x64\jre\17.0.3-win32-x86_64\bin\VCRUNTIME140.dll
0x00007ff991660000 - 0x00007ff99180c000 	C:\WINDOWS\System32\USER32.dll
0x00007ff97ba30000 - 0x00007ff97bcd5000 	C:\WINDOWS\WinSxS\amd64_microsoft.windows.common-controls_6595b64144ccf1df_6.0.22000.120_none_9d947278b86cc467\COMCTL32.dll
0x00007ff990490000 - 0x00007ff9904b6000 	C:\WINDOWS\System32\win32u.dll
0x00007ff9921b0000 - 0x00007ff992253000 	C:\WINDOWS\System32\msvcrt.dll
0x00007ff9924f0000 - 0x00007ff992519000 	C:\WINDOWS\System32\GDI32.dll
0x00007ff9906d0000 - 0x00007ff9907e2000 	C:\WINDOWS\System32\gdi32full.dll
0x00007ff990630000 - 0x00007ff9906cd000 	C:\WINDOWS\System32\msvcp_win.dll
0x00007ff991bf0000 - 0x00007ff991c21000 	C:\WINDOWS\System32\IMM32.DLL
0x00007ff973a60000 - 0x00007ff973a6c000 	c:\Users\admin\.vscode\extensions\redhat.java-1.8.0-win32-x64\jre\17.0.3-win32-x86_64\bin\vcruntime140_1.dll
0x00007ff8edff0000 - 0x00007ff8ee081000 	c:\Users\admin\.vscode\extensions\redhat.java-1.8.0-win32-x64\jre\17.0.3-win32-x86_64\bin\msvcp140.dll
0x00007ff8e56a0000 - 0x00007ff8e62e8000 	c:\Users\admin\.vscode\extensions\redhat.java-1.8.0-win32-x64\jre\17.0.3-win32-x86_64\bin\server\jvm.dll
0x00007ff9922c0000 - 0x00007ff99236e000 	C:\WINDOWS\System32\ADVAPI32.dll
0x00007ff991a40000 - 0x00007ff991ade000 	C:\WINDOWS\System32\sechost.dll
0x00007ff991c40000 - 0x00007ff991d60000 	C:\WINDOWS\System32\RPCRT4.dll
0x00007ff9921a0000 - 0x00007ff9921a8000 	C:\WINDOWS\System32\PSAPI.DLL
0x00007ff98a410000 - 0x00007ff98a443000 	C:\WINDOWS\SYSTEM32\WINMM.dll
0x00007ff973b80000 - 0x00007ff973b89000 	C:\WINDOWS\SYSTEM32\WSOCK32.dll
0x00007ff988ce0000 - 0x00007ff988cea000 	C:\WINDOWS\SYSTEM32\VERSION.dll
0x00007ff992370000 - 0x00007ff9923df000 	C:\WINDOWS\System32\WS2_32.dll
0x00007ff98f460000 - 0x00007ff98f478000 	C:\WINDOWS\SYSTEM32\kernel.appcore.dll
0x00007ff973060000 - 0x00007ff97306a000 	c:\Users\admin\.vscode\extensions\redhat.java-1.8.0-win32-x64\jre\17.0.3-win32-x86_64\bin\jimage.dll
0x00007ff97f320000 - 0x00007ff97f541000 	C:\WINDOWS\SYSTEM32\DBGHELP.DLL
0x00007ff97b410000 - 0x00007ff97b441000 	C:\WINDOWS\SYSTEM32\dbgcore.DLL
0x00007ff9903a0000 - 0x00007ff99041f000 	C:\WINDOWS\System32\bcryptPrimitives.dll
0x00007ff8f7440000 - 0x00007ff8f7465000 	c:\Users\admin\.vscode\extensions\redhat.java-1.8.0-win32-x64\jre\17.0.3-win32-x86_64\bin\java.dll
0x00007ff90bd50000 - 0x00007ff90bd68000 	c:\Users\admin\.vscode\extensions\redhat.java-1.8.0-win32-x64\jre\17.0.3-win32-x86_64\bin\zip.dll
0x00007ff992520000 - 0x00007ff992cd8000 	C:\WINDOWS\System32\SHELL32.dll
0x00007ff98e4d0000 - 0x00007ff98ed38000 	C:\WINDOWS\SYSTEM32\windows.storage.dll
0x00007ff990d50000 - 0x00007ff9910c9000 	C:\WINDOWS\System32\combase.dll
0x00007ff98e360000 - 0x00007ff98e4c6000 	C:\WINDOWS\SYSTEM32\wintypes.dll
0x00007ff991ae0000 - 0x00007ff991bca000 	C:\WINDOWS\System32\SHCORE.dll
0x00007ff992260000 - 0x00007ff9922bd000 	C:\WINDOWS\System32\shlwapi.dll
0x00007ff9902d0000 - 0x00007ff9902f1000 	C:\WINDOWS\SYSTEM32\profapi.dll
0x00007ff8f7420000 - 0x00007ff8f7439000 	C:\Users\admin\.vscode\extensions\redhat.java-1.8.0-win32-x64\jre\17.0.3-win32-x86_64\bin\net.dll
0x00007ff98a240000 - 0x00007ff98a34c000 	C:\WINDOWS\SYSTEM32\WINHTTP.dll
0x00007ff98f880000 - 0x00007ff98f8e7000 	C:\WINDOWS\system32\mswsock.dll
0x00007ff8f7230000 - 0x00007ff8f7245000 	C:\Users\admin\.vscode\extensions\redhat.java-1.8.0-win32-x64\jre\17.0.3-win32-x86_64\bin\nio.dll
0x00007ff9713a0000 - 0x00007ff9713b0000 	c:\Users\admin\.vscode\extensions\redhat.java-1.8.0-win32-x64\jre\17.0.3-win32-x86_64\bin\verify.dll
0x00007ff96cd30000 - 0x00007ff96cd39000 	C:\Users\admin\.vscode\extensions\redhat.java-1.8.0-win32-x64\jre\17.0.3-win32-x86_64\bin\management.dll
0x00007ff96bbf0000 - 0x00007ff96bbfb000 	C:\Users\admin\.vscode\extensions\redhat.java-1.8.0-win32-x64\jre\17.0.3-win32-x86_64\bin\management_ext.dll
0x00007ff92f930000 - 0x00007ff92f947000 	C:\WINDOWS\system32\napinsp.dll
0x00007ff92f910000 - 0x00007ff92f92b000 	C:\WINDOWS\system32\pnrpnsp.dll
0x00007ff98efc0000 - 0x00007ff98f0a8000 	C:\WINDOWS\SYSTEM32\DNSAPI.dll
0x00007ff98ef90000 - 0x00007ff98efbd000 	C:\WINDOWS\SYSTEM32\IPHLPAPI.DLL
0x00007ff991e80000 - 0x00007ff991e89000 	C:\WINDOWS\System32\NSI.dll
0x00007ff92f8f0000 - 0x00007ff92f902000 	C:\WINDOWS\System32\winrnr.dll
0x00007ff96db70000 - 0x00007ff96db85000 	C:\WINDOWS\system32\wshbth.dll
0x00007ff9462c0000 - 0x00007ff9462df000 	C:\WINDOWS\system32\nlansp_c.dll
0x00007ff988270000 - 0x00007ff98827a000 	C:\Windows\System32\rasadhlp.dll
0x00007ff988b20000 - 0x00007ff988ba1000 	C:\WINDOWS\System32\fwpuclnt.dll
0x00007ff98fbf0000 - 0x00007ff98fc08000 	C:\WINDOWS\SYSTEM32\CRYPTSP.dll
0x00007ff98f3c0000 - 0x00007ff98f3f5000 	C:\WINDOWS\system32\rsaenh.dll
0x00007ff98f920000 - 0x00007ff98f949000 	C:\WINDOWS\SYSTEM32\USERENV.dll
0x00007ff98fd80000 - 0x00007ff98fda7000 	C:\WINDOWS\SYSTEM32\bcrypt.dll
0x00007ff98fa70000 - 0x00007ff98fa7c000 	C:\WINDOWS\SYSTEM32\CRYPTBASE.dll
0x00007ff989f70000 - 0x00007ff989f89000 	C:\WINDOWS\SYSTEM32\dhcpcsvc6.DLL
0x00007ff98b370000 - 0x00007ff98b38e000 	C:\WINDOWS\SYSTEM32\dhcpcsvc.DLL

dbghelp: loaded successfully - version: 4.0.5 - missing functions: none
symbol engine: initialized successfully - sym options: 0x614 - pdb path: .;c:\Users\admin\.vscode\extensions\redhat.java-1.8.0-win32-x64\jre\17.0.3-win32-x86_64\bin;C:\WINDOWS\SYSTEM32;C:\WINDOWS\WinSxS\amd64_microsoft.windows.common-controls_6595b64144ccf1df_6.0.22000.120_none_9d947278b86cc467;c:\Users\admin\.vscode\extensions\redhat.java-1.8.0-win32-x64\jre\17.0.3-win32-x86_64\bin\server

VM Arguments:
jvm_args: --add-modules=ALL-SYSTEM --add-exports=jdk.compiler/com.sun.tools.javac.file=ALL-UNNAMED --add-exports=jdk.compiler/com.sun.tools.javac.util=ALL-UNNAMED --add-exports=jdk.compiler/com.sun.tools.javac.comp=ALL-UNNAMED --add-exports=jdk.compiler/com.sun.tools.javac.main=ALL-UNNAMED --add-exports=jdk.compiler/com.sun.tools.javac.tree=ALL-UNNAMED --add-exports=jdk.compiler/com.sun.tools.javac.code=ALL-UNNAMED -Dsts.lsp.client=vscode -Dsts.log.file=/dev/null -XX:TieredStopAtLevel=1 -Dspring.config.location=file:c:\Users\admin\.vscode\extensions\pivotal.vscode-spring-boot-1.36.0\language-server\BOOT-INF\classes\application.properties 
java_command: org.springframework.ide.vscode.boot.app.BootLanguageServerBootApp
java_class_path (initial): c:\Users\admin\.vscode\extensions\pivotal.vscode-spring-boot-1.36.0\language-server\BOOT-INF\classes;c:\Users\admin\.vscode\extensions\pivotal.vscode-spring-boot-1.36.0\language-server\BOOT-INF\lib\annotations-23.0.0.jar;c:\Users\admin\.vscode\extensions\pivotal.vscode-spring-boot-1.36.0\language-server\BOOT-INF\lib\antlr-runtime-3.5.2.jar;c:\Users\admin\.vscode\extensions\pivotal.vscode-spring-boot-1.36.0\language-server\BOOT-INF\lib\antlr4-4.9.3.jar;c:\Users\admin\.vscode\extensions\pivotal.vscode-spring-boot-1.36.0\language-server\BOOT-INF\lib\antlr4-runtime-4.9.3.jar;c:\Users\admin\.vscode\extensions\pivotal.vscode-spring-boot-1.36.0\language-server\BOOT-INF\lib\asm-9.3.jar;c:\Users\admin\.vscode\extensions\pivotal.vscode-spring-boot-1.36.0\language-server\BOOT-INF\lib\asm-analysis-9.3.jar;c:\Users\admin\.vscode\extensions\pivotal.vscode-spring-boot-1.36.0\language-server\BOOT-INF\lib\asm-tree-9.3.jar;c:\Users\admin\.vscode\extensions\pivotal.vscode-spring-boot-1.36.0\language-server\BOOT-INF\lib\asm-util-9.3.jar;c:\Users\admin\.vscode\extensions\pivotal.vscode-spring-boot-1.36.0\language-server\BOOT-INF\lib\byte-buddy-1.10.18.jar;c:\Users\admin\.vscode\extensions\pivotal.vscode-spring-boot-1.36.0\language-server\BOOT-INF\lib\caffeine-2.8.6.jar;c:\Users\admin\.vscode\extensions\pivotal.vscode-spring-boot-1.36.0\language-server\BOOT-INF\lib\checker-qual-3.12.0.jar;c:\Users\admin\.vscode\extensions\pivotal.vscode-spring-boot-1.36.0\language-server\BOOT-INF\lib\classgraph-4.8.146.jar;c:\Users\admin\.vscode\extensions\pivotal.vscode-spring-boot-1.36.0\language-server\BOOT-INF\lib\commons-codec-1.14.jar;c:\Users\admin\.vscode\extensions\pivotal.vscode-spring-boot-1.36.0\language-server\BOOT-INF\lib\commons-compress-1.21.jar;c:\Users\admin\.vscode\extensions\pivotal.vscode-spring-boot-1.36.0\language-server\BOOT-INF\lib\commons-exec-1.3.jar;c:\Users\admin\.vscode\extensions\pivotal.vscode-spring-boot-1.36.0\language-server\BOOT-INF\lib\com
Launcher Type: SUN_STANDARD

[Global flags]
     intx CICompilerCount                          = 12                                        {product} {ergonomic}
     uint ConcGCThreads                            = 3                                         {product} {ergonomic}
     uint G1ConcRefinementThreads                  = 13                                        {product} {ergonomic}
   size_t G1HeapRegionSize                         = 4194304                                   {product} {ergonomic}
    uintx GCDrainStackTargetSize                   = 64                                        {product} {ergonomic}
   size_t InitialHeapSize                          = 536870912                                 {product} {ergonomic}
   size_t MarkStackSize                            = 4194304                                   {product} {ergonomic}
   size_t MaxHeapSize                              = 8552185856                                {product} {ergonomic}
   size_t MaxNewSize                               = 5129633792                                {product} {ergonomic}
   size_t MinHeapDeltaBytes                        = 4194304                                   {product} {ergonomic}
   size_t MinHeapSize                              = 8388608                                   {product} {ergonomic}
    uintx NonProfiledCodeHeapSize                  = 0                                      {pd product} {ergonomic}
     bool ProfileInterpreter                       = false                                  {pd product} {command line}
    uintx ProfiledCodeHeapSize                     = 0                                      {pd product} {ergonomic}
   size_t SoftMaxHeapSize                          = 8552185856                             {manageable} {ergonomic}
     intx TieredStopAtLevel                        = 1                                         {product} {command line}
     bool UseCompressedClassPointers               = true                           {product lp64_product} {ergonomic}
     bool UseCompressedOops                        = true                           {product lp64_product} {ergonomic}
     bool UseG1GC                                  = true                                      {product} {ergonomic}
     bool UseLargePagesIndividualAllocation        = false                                  {pd product} {ergonomic}

Logging:
Log output configuration:
 #0: stdout all=warning uptime,level,tags
 #1: stderr all=off uptime,level,tags

Environment Variables:
JAVA_HOME=C:\Program Files\Eclipse Adoptium\jdk-11.0.15.10-hotspot\
PATH=C:\Program Files\Eclipse Adoptium\jdk-11.0.15.10-hotspot\bin;C:\Program Files\Microsoft\jdk-11.0.15.10-hotspot\bin;C:\Python310\Scripts\;C:\Python310\;C:\Windows\system32;C:\Windows;C:\Windows\System32\Wbem;C:\Windows\System32\WindowsPowerShell\v1.0\;C:\Windows\System32\OpenSSH\;C:\Program Files (x86)\NVIDIA Corporation\PhysX\Common;C:\Program Files\Git\cmd;C:\Ruby30-x64\bin;C:\Program Files\Go\bin;C:\Program Files\nodejs\;C:\ProgramData\chocolatey\bin;C:\Program Files\Microsoft SQL Server\150\Tools\Binn\;C:\Program Files\Microsoft SQL Server\Client SDK\ODBC\170\Tools\Binn\;C:\WINDOWS\system32;C:\WINDOWS;C:\WINDOWS\System32\Wbem;C:\WINDOWS\System32\WindowsPowerShell\v1.0\;C:\WINDOWS\System32\OpenSSH\;C:\Program Files\dotnet\;C:\Program Files\Docker\Docker\resources\bin;C:\ProgramData\DockerDesktop\version-bin;C:\Program Files (x86)\dotnet\;C:\Program Files\PowerShell\7\;C:\Ruby30-x64\bin;C:\Users\admin\AppData\Local\Microsoft\WindowsApps;C:\Users\admin\AppData\Local\Programs\Microsoft VS Code\bin;C:\Users\admin\AppData\Local\GitHubDesktop\bin;C:\Users\admin\go\bin;C:\Users\admin\AppData\Roaming\npm;C:\Users\admin\.dotnet\tools;
USERNAME=admin
OS=Windows_NT
PROCESSOR_IDENTIFIER=Intel64 Family 6 Model 167 Stepping 1, GenuineIntel



---------------  S Y S T E M  ---------------

OS:
 Windows 11 , 64 bit Build 22000 (10.0.22000.708)
OS uptime: 3 days 19:15 hours
Hyper-V role detected

CPU: total 16 (initial active 16) (8 cores per cpu, 2 threads per core) family 6 model 167 stepping 1 microcode 0x1b, cx8, cmov, fxsr, ht, mmx, 3dnowpref, sse, sse2, sse3, ssse3, sse4.1, sse4.2, popcnt, lzcnt, tsc, tscinvbit, avx, avx2, aes, erms, clmul, bmi1, bmi2, adx, avx512f, avx512dq, avx512cd, avx512bw, avx512vl, sha, fma, vzeroupper, avx512_vpopcntdq, avx512_vpclmulqdq, avx512_vaes, avx512_vnni, clflush, clflushopt, avx512_vbmi2, avx512_vbmi, hv

Memory: 4k page, system-wide physical 32619M (482M free)
TotalPageFile size 130923M (AvailPageFile size 3M)
current process WorkingSet (physical memory assigned to process): 63M, peak: 743M
current process commit charge ("private bytes"): 254M, peak: 839M

vm_info: OpenJDK 64-Bit Server VM (17.0.3+7) for windows-amd64 JRE (17.0.3+7), built on Apr 19 2022 16:55:35 by "" with MS VC++ 16.7 (VS2019)

END.
